<?xml version="1.0" encoding="UTF-8"?>
<!-- Generated by org.testng.reporters.JUnitReportReporter -->
<testsuite hostname="LAPTOP-3PIGTQ2A" failures="0" tests="1" name="com.passIndia.testCases.TC_HomePage_001" time="8.401" errors="0" timestamp="2023-02-06T22:25:28 IST" skipped="0">
  <testcase classname="com.passIndia.testCases.TC_HomePage_001" name="HomePageTest" time="8.401"/>
  <system-out/>
</testsuite> <!-- com.passIndia.testCases.TC_HomePage_001 -->
