<?xml version="1.0" encoding="UTF-8"?>
<!-- Generated by org.testng.reporters.JUnitReportReporter -->
<testsuite hostname="DESKTOP-D4GTMGV" failures="0" tests="1" name="testCases.TC_linkValidation_002" time="0.925" errors="0" timestamp="2023-03-04T13:09:26 IST" skipped="0">
  <testcase classname="testCases.TC_linkValidation_002" name="linkValidation" time="0.925"/>
  <system-out/>
</testsuite> <!-- testCases.TC_linkValidation_002 -->
