<?xml version="1.0" encoding="UTF-8"?>
<!-- Generated by org.testng.reporters.JUnitReportReporter -->
<testsuite hostname="DESKTOP-D4GTMGV" failures="0" tests="2" name="testCases.TC_newApplication_003" time="22.583" errors="0" timestamp="2023-03-21T21:55:35 IST" skipped="0">
  <testcase classname="testCases.TC_newApplication_003" name="newApplicationClick" time="16.831"/>
  <system-out/>
  <testcase classname="testCases.TC_newApplication_003" name="fillServiceRequired" time="5.752"/>
  <system-out/>
</testsuite> <!-- testCases.TC_newApplication_003 -->
